[ 2017-04-29T13:44:18+08:00 ] 127.0.0.1 /index.php?m=Admin&c=Index&a=index
INFO: [ app_init ] --START--
INFO: Run Behavior\BuildLiteBehavior [ RunTime:0.000005s ]
INFO: [ app_init ] --END-- [ RunTime:0.000158s ]
INFO: [ app_begin ] --START--
INFO: Run Behavior\ReadHtmlCacheBehavior [ RunTime:0.000179s ]
INFO: [ app_begin ] --END-- [ RunTime:0.000194s ]
SQL: SHOW COLUMNS FROM `xl_auth_group_access` [ RunTime:0.0005s ]
SQL: SELECT `uid`,`group_id`,`title`,`rules` FROM xl_auth_group_access a INNER JOIN xl_auth_group g on a.group_id=g.id  WHERE ( a.uid='88' and g.status='1' )  [ RunTime:0.0004s ]
SQL: SHOW COLUMNS FROM `xl_auth_rule` [ RunTime:0.0004s ]
SQL: SELECT `condition`,`name` FROM `xl_auth_rule` WHERE `id` IN ('1','2','4','6','9','10','11','12','13','14','15','16','17','18','19','20','21','22','24','25','26','31','27','28','29','30','32','52','33','34','53','35','36','37','38','39','40','41','42','43','44','45','46','47','48','49','50','51','54','55','59','56','57','58') AND `type` = 1 AND `status` = 1  [ RunTime:0.0005s ]
SQL: SHOW COLUMNS FROM `xl_admin_nav` [ RunTime:0.0024s ]
SQL: SELECT * FROM `xl_admin_nav` ORDER BY order_number is null,order_number,id  [ RunTime:0.0002s ]
INFO: [ view_parse ] --START--
INFO: [ template_filter ] --START--
INFO: Run Behavior\ContentReplaceBehavior [ RunTime:0.000071s ]
INFO: [ template_filter ] --END-- [ RunTime:0.000091s ]
INFO: Run Behavior\ParseTemplateBehavior [ RunTime:0.004644s ]
INFO: [ view_parse ] --END-- [ RunTime:0.004667s ]
INFO: [ view_filter ] --START--
INFO: Run Behavior\WriteHtmlCacheBehavior [ RunTime:0.000093s ]
INFO: [ view_filter ] --END-- [ RunTime:0.000105s ]
INFO: [ app_end ] --START--
INFO: Run Behavior\ShowPageTraceBehavior [ RunTime:0.000266s ]
INFO: [ app_end ] --END-- [ RunTime:0.000280s ]

[ 2017-04-29T13:44:18+08:00 ] 127.0.0.1 /index.php?m=Admin&c=Index&a=welcome
INFO: [ app_init ] --START--
INFO: Run Behavior\BuildLiteBehavior [ RunTime:0.000007s ]
INFO: [ app_init ] --END-- [ RunTime:0.000164s ]
INFO: [ app_begin ] --START--
INFO: Run Behavior\ReadHtmlCacheBehavior [ RunTime:0.000255s ]
INFO: [ app_begin ] --END-- [ RunTime:0.000279s ]
SQL: SHOW COLUMNS FROM `xl_auth_group_access` [ RunTime:0.0005s ]
SQL: SELECT `uid`,`group_id`,`title`,`rules` FROM xl_auth_group_access a INNER JOIN xl_auth_group g on a.group_id=g.id  WHERE ( a.uid='88' and g.status='1' )  [ RunTime:0.0004s ]
SQL: SHOW COLUMNS FROM `xl_auth_rule` [ RunTime:0.0004s ]
SQL: SELECT `condition`,`name` FROM `xl_auth_rule` WHERE `id` IN ('1','2','4','6','9','10','11','12','13','14','15','16','17','18','19','20','21','22','24','25','26','31','27','28','29','30','32','52','33','34','53','35','36','37','38','39','40','41','42','43','44','45','46','47','48','49','50','51','54','55','59','56','57','58') AND `type` = 1 AND `status` = 1  [ RunTime:0.0005s ]
SQL: SHOW COLUMNS FROM `xl_article` [ RunTime:0.0004s ]
SQL: SELECT COUNT(*) AS tp_count FROM `xl_article` LIMIT 1   [ RunTime:0.0002s ]
SQL: SELECT COUNT(*) AS tp_count FROM `xl_article` WHERE `is_delete` = 1 LIMIT 1   [ RunTime:0.0002s ]
SQL: SELECT COUNT(*) AS tp_count FROM `xl_article` WHERE `is_show` = 0 LIMIT 1   [ RunTime:0.0002s ]
SQL: SHOW COLUMNS FROM `xl_chat` [ RunTime:0.0004s ]
SQL: SELECT COUNT(*) AS tp_count FROM `xl_chat` LIMIT 1   [ RunTime:0.0002s ]
SQL: SELECT COUNT(*) AS tp_count FROM `xl_chat` WHERE `is_delete` = 1 LIMIT 1   [ RunTime:0.0002s ]
SQL: SELECT COUNT(*) AS tp_count FROM `xl_chat` WHERE `is_show` = 0 LIMIT 1   [ RunTime:0.0002s ]
SQL: SHOW COLUMNS FROM `xl_comment` [ RunTime:0.0006s ]
SQL: SELECT COUNT(*) AS tp_count FROM `xl_comment` LIMIT 1   [ RunTime:0.0002s ]
INFO: [ view_parse ] --START--
INFO: [ template_filter ] --START--
INFO: Run Behavior\ContentReplaceBehavior [ RunTime:0.000031s ]
INFO: [ template_filter ] --END-- [ RunTime:0.000049s ]
ERR: Call to undefined function apache_get_version()

[ 2017-04-29T13:44:23+08:00 ] 127.0.0.1 /index.php?m=Admin&c=Index&a=index
INFO: [ app_init ] --START--
INFO: Run Behavior\BuildLiteBehavior [ RunTime:0.000006s ]
INFO: [ app_init ] --END-- [ RunTime:0.000146s ]
INFO: [ app_begin ] --START--
INFO: Run Behavior\ReadHtmlCacheBehavior [ RunTime:0.000325s ]
INFO: [ app_begin ] --END-- [ RunTime:0.000345s ]
SQL: SHOW COLUMNS FROM `xl_auth_group_access` [ RunTime:0.0008s ]
SQL: SELECT `uid`,`group_id`,`title`,`rules` FROM xl_auth_group_access a INNER JOIN xl_auth_group g on a.group_id=g.id  WHERE ( a.uid='88' and g.status='1' )  [ RunTime:0.0006s ]
SQL: SHOW COLUMNS FROM `xl_auth_rule` [ RunTime:0.0007s ]
SQL: SELECT `condition`,`name` FROM `xl_auth_rule` WHERE `id` IN ('1','2','4','6','9','10','11','12','13','14','15','16','17','18','19','20','21','22','24','25','26','31','27','28','29','30','32','52','33','34','53','35','36','37','38','39','40','41','42','43','44','45','46','47','48','49','50','51','54','55','59','56','57','58') AND `type` = 1 AND `status` = 1  [ RunTime:0.0008s ]
SQL: SHOW COLUMNS FROM `xl_admin_nav` [ RunTime:0.0005s ]
SQL: SELECT * FROM `xl_admin_nav` ORDER BY order_number is null,order_number,id  [ RunTime:0.0002s ]
INFO: [ view_parse ] --START--
INFO: [ template_filter ] --START--
INFO: Run Behavior\ContentReplaceBehavior [ RunTime:0.000063s ]
INFO: [ template_filter ] --END-- [ RunTime:0.000077s ]
INFO: Run Behavior\ParseTemplateBehavior [ RunTime:0.003814s ]
INFO: [ view_parse ] --END-- [ RunTime:0.003829s ]
INFO: [ view_filter ] --START--
INFO: Run Behavior\WriteHtmlCacheBehavior [ RunTime:0.000082s ]
INFO: [ view_filter ] --END-- [ RunTime:0.000091s ]
INFO: [ app_end ] --START--
INFO: Run Behavior\ShowPageTraceBehavior [ RunTime:0.000349s ]
INFO: [ app_end ] --END-- [ RunTime:0.000365s ]

[ 2017-04-29T13:44:23+08:00 ] 127.0.0.1 /index.php?m=Admin&c=Index&a=welcome
INFO: [ app_init ] --START--
INFO: Run Behavior\BuildLiteBehavior [ RunTime:0.000007s ]
INFO: [ app_init ] --END-- [ RunTime:0.000190s ]
INFO: [ app_begin ] --START--
INFO: Run Behavior\ReadHtmlCacheBehavior [ RunTime:0.000194s ]
INFO: [ app_begin ] --END-- [ RunTime:0.000218s ]
SQL: SHOW COLUMNS FROM `xl_auth_group_access` [ RunTime:0.0004s ]
SQL: SELECT `uid`,`group_id`,`title`,`rules` FROM xl_auth_group_access a INNER JOIN xl_auth_group g on a.group_id=g.id  WHERE ( a.uid='88' and g.status='1' )  [ RunTime:0.0003s ]
SQL: SHOW COLUMNS FROM `xl_auth_rule` [ RunTime:0.0003s ]
SQL: SELECT `condition`,`name` FROM `xl_auth_rule` WHERE `id` IN ('1','2','4','6','9','10','11','12','13','14','15','16','17','18','19','20','21','22','24','25','26','31','27','28','29','30','32','52','33','34','53','35','36','37','38','39','40','41','42','43','44','45','46','47','48','49','50','51','54','55','59','56','57','58') AND `type` = 1 AND `status` = 1  [ RunTime:0.0005s ]
SQL: SHOW COLUMNS FROM `xl_article` [ RunTime:0.0004s ]
SQL: SELECT COUNT(*) AS tp_count FROM `xl_article` LIMIT 1   [ RunTime:0.0002s ]
SQL: SELECT COUNT(*) AS tp_count FROM `xl_article` WHERE `is_delete` = 1 LIMIT 1   [ RunTime:0.0002s ]
SQL: SELECT COUNT(*) AS tp_count FROM `xl_article` WHERE `is_show` = 0 LIMIT 1   [ RunTime:0.0002s ]
SQL: SHOW COLUMNS FROM `xl_chat` [ RunTime:0.0003s ]
SQL: SELECT COUNT(*) AS tp_count FROM `xl_chat` LIMIT 1   [ RunTime:0.0001s ]
SQL: SELECT COUNT(*) AS tp_count FROM `xl_chat` WHERE `is_delete` = 1 LIMIT 1   [ RunTime:0.0002s ]
SQL: SELECT COUNT(*) AS tp_count FROM `xl_chat` WHERE `is_show` = 0 LIMIT 1   [ RunTime:0.0002s ]
SQL: SHOW COLUMNS FROM `xl_comment` [ RunTime:0.0003s ]
SQL: SELECT COUNT(*) AS tp_count FROM `xl_comment` LIMIT 1   [ RunTime:0.0001s ]
INFO: [ view_parse ] --START--
INFO: [ template_filter ] --START--
INFO: Run Behavior\ContentReplaceBehavior [ RunTime:0.000030s ]
INFO: [ template_filter ] --END-- [ RunTime:0.000044s ]
ERR: Call to undefined function apache_get_version()

[ 2017-04-29T13:44:47+08:00 ] 127.0.0.1 /index.php?m=Admin&c=Index&a=index
INFO: [ app_init ] --START--
INFO: Run Behavior\BuildLiteBehavior [ RunTime:0.000006s ]
INFO: [ app_init ] --END-- [ RunTime:0.000154s ]
INFO: [ app_begin ] --START--
INFO: Run Behavior\ReadHtmlCacheBehavior [ RunTime:0.000191s ]
INFO: [ app_begin ] --END-- [ RunTime:0.000205s ]
SQL: SHOW COLUMNS FROM `xl_auth_group_access` [ RunTime:0.0004s ]
SQL: SELECT `uid`,`group_id`,`title`,`rules` FROM xl_auth_group_access a INNER JOIN xl_auth_group g on a.group_id=g.id  WHERE ( a.uid='88' and g.status='1' )  [ RunTime:0.0003s ]
SQL: SHOW COLUMNS FROM `xl_auth_rule` [ RunTime:0.0003s ]
SQL: SELECT `condition`,`name` FROM `xl_auth_rule` WHERE `id` IN ('1','2','4','6','9','10','11','12','13','14','15','16','17','18','19','20','21','22','24','25','26','31','27','28','29','30','32','52','33','34','53','35','36','37','38','39','40','41','42','43','44','45','46','47','48','49','50','51','54','55','59','56','57','58') AND `type` = 1 AND `status` = 1  [ RunTime:0.0005s ]
SQL: SHOW COLUMNS FROM `xl_admin_nav` [ RunTime:0.0003s ]
SQL: SELECT * FROM `xl_admin_nav` ORDER BY order_number is null,order_number,id  [ RunTime:0.0002s ]
INFO: [ view_parse ] --START--
INFO: [ template_filter ] --START--
INFO: Run Behavior\ContentReplaceBehavior [ RunTime:0.000063s ]
INFO: [ template_filter ] --END-- [ RunTime:0.000076s ]
INFO: Run Behavior\ParseTemplateBehavior [ RunTime:0.003737s ]
INFO: [ view_parse ] --END-- [ RunTime:0.003752s ]
INFO: [ view_filter ] --START--
INFO: Run Behavior\WriteHtmlCacheBehavior [ RunTime:0.000084s ]
INFO: [ view_filter ] --END-- [ RunTime:0.000094s ]
INFO: [ app_end ] --START--
INFO: Run Behavior\ShowPageTraceBehavior [ RunTime:0.000280s ]
INFO: [ app_end ] --END-- [ RunTime:0.000292s ]

[ 2017-04-29T13:44:47+08:00 ] 127.0.0.1 /index.php?m=Admin&c=Index&a=welcome
INFO: [ app_init ] --START--
INFO: Run Behavior\BuildLiteBehavior [ RunTime:0.000008s ]
INFO: [ app_init ] --END-- [ RunTime:0.000181s ]
INFO: [ app_begin ] --START--
INFO: Run Behavior\ReadHtmlCacheBehavior [ RunTime:0.000205s ]
INFO: [ app_begin ] --END-- [ RunTime:0.000221s ]
SQL: SHOW COLUMNS FROM `xl_auth_group_access` [ RunTime:0.0006s ]
SQL: SELECT `uid`,`group_id`,`title`,`rules` FROM xl_auth_group_access a INNER JOIN xl_auth_group g on a.group_id=g.id  WHERE ( a.uid='88' and g.status='1' )  [ RunTime:0.0006s ]
SQL: SHOW COLUMNS FROM `xl_auth_rule` [ RunTime:0.0005s ]
SQL: SELECT `condition`,`name` FROM `xl_auth_rule` WHERE `id` IN ('1','2','4','6','9','10','11','12','13','14','15','16','17','18','19','20','21','22','24','25','26','31','27','28','29','30','32','52','33','34','53','35','36','37','38','39','40','41','42','43','44','45','46','47','48','49','50','51','54','55','59','56','57','58') AND `type` = 1 AND `status` = 1  [ RunTime:0.0006s ]
SQL: SHOW COLUMNS FROM `xl_article` [ RunTime:0.0004s ]
SQL: SELECT COUNT(*) AS tp_count FROM `xl_article` LIMIT 1   [ RunTime:0.0002s ]
SQL: SELECT COUNT(*) AS tp_count FROM `xl_article` WHERE `is_delete` = 1 LIMIT 1   [ RunTime:0.0002s ]
SQL: SELECT COUNT(*) AS tp_count FROM `xl_article` WHERE `is_show` = 0 LIMIT 1   [ RunTime:0.0002s ]
SQL: SHOW COLUMNS FROM `xl_chat` [ RunTime:0.0004s ]
SQL: SELECT COUNT(*) AS tp_count FROM `xl_chat` LIMIT 1   [ RunTime:0.0002s ]
SQL: SELECT COUNT(*) AS tp_count FROM `xl_chat` WHERE `is_delete` = 1 LIMIT 1   [ RunTime:0.0002s ]
SQL: SELECT COUNT(*) AS tp_count FROM `xl_chat` WHERE `is_show` = 0 LIMIT 1   [ RunTime:0.0002s ]
SQL: SHOW COLUMNS FROM `xl_comment` [ RunTime:0.0004s ]
SQL: SELECT COUNT(*) AS tp_count FROM `xl_comment` LIMIT 1   [ RunTime:0.0002s ]
INFO: [ view_parse ] --START--
INFO: [ template_filter ] --START--
INFO: Run Behavior\ContentReplaceBehavior [ RunTime:0.000032s ]
INFO: [ template_filter ] --END-- [ RunTime:0.000049s ]
ERR: Call to undefined function apache_get_version()

[ 2017-04-29T13:46:17+08:00 ] 127.0.0.1 /index.php?m=Admin&c=Index&a=index
INFO: [ app_init ] --START--
INFO: Run Behavior\BuildLiteBehavior [ RunTime:0.000006s ]
INFO: [ app_init ] --END-- [ RunTime:0.000169s ]
INFO: [ app_begin ] --START--
INFO: Run Behavior\ReadHtmlCacheBehavior [ RunTime:0.000246s ]
INFO: [ app_begin ] --END-- [ RunTime:0.000265s ]
SQL: SHOW COLUMNS FROM `xl_auth_group_access` [ RunTime:0.0005s ]
SQL: SELECT `uid`,`group_id`,`title`,`rules` FROM xl_auth_group_access a INNER JOIN xl_auth_group g on a.group_id=g.id  WHERE ( a.uid='88' and g.status='1' )  [ RunTime:0.0004s ]
SQL: SHOW COLUMNS FROM `xl_auth_rule` [ RunTime:0.0004s ]
SQL: SELECT `condition`,`name` FROM `xl_auth_rule` WHERE `id` IN ('1','2','4','6','9','10','11','12','13','14','15','16','17','18','19','20','21','22','24','25','26','31','27','28','29','30','32','52','33','34','53','35','36','37','38','39','40','41','42','43','44','45','46','47','48','49','50','51','54','55','59','56','57','58') AND `type` = 1 AND `status` = 1  [ RunTime:0.0006s ]
SQL: SHOW COLUMNS FROM `xl_admin_nav` [ RunTime:0.0004s ]
SQL: SELECT * FROM `xl_admin_nav` ORDER BY order_number is null,order_number,id  [ RunTime:0.0002s ]
INFO: [ view_parse ] --START--
INFO: [ template_filter ] --START--
INFO: Run Behavior\ContentReplaceBehavior [ RunTime:0.000070s ]
INFO: [ template_filter ] --END-- [ RunTime:0.000087s ]
INFO: Run Behavior\ParseTemplateBehavior [ RunTime:0.003804s ]
INFO: [ view_parse ] --END-- [ RunTime:0.003821s ]
INFO: [ view_filter ] --START--
INFO: Run Behavior\WriteHtmlCacheBehavior [ RunTime:0.000080s ]
INFO: [ view_filter ] --END-- [ RunTime:0.000100s ]
INFO: [ app_end ] --START--
INFO: Run Behavior\ShowPageTraceBehavior [ RunTime:0.000251s ]
INFO: [ app_end ] --END-- [ RunTime:0.000263s ]

[ 2017-04-29T13:46:17+08:00 ] 127.0.0.1 /index.php?m=Admin&c=Index&a=welcome
INFO: [ app_init ] --START--
INFO: Run Behavior\BuildLiteBehavior [ RunTime:0.000006s ]
INFO: [ app_init ] --END-- [ RunTime:0.000149s ]
INFO: [ app_begin ] --START--
INFO: Run Behavior\ReadHtmlCacheBehavior [ RunTime:0.000194s ]
INFO: [ app_begin ] --END-- [ RunTime:0.000209s ]
SQL: SHOW COLUMNS FROM `xl_auth_group_access` [ RunTime:0.0005s ]
SQL: SELECT `uid`,`group_id`,`title`,`rules` FROM xl_auth_group_access a INNER JOIN xl_auth_group g on a.group_id=g.id  WHERE ( a.uid='88' and g.status='1' )  [ RunTime:0.0004s ]
SQL: SHOW COLUMNS FROM `xl_auth_rule` [ RunTime:0.0005s ]
SQL: SELECT `condition`,`name` FROM `xl_auth_rule` WHERE `id` IN ('1','2','4','6','9','10','11','12','13','14','15','16','17','18','19','20','21','22','24','25','26','31','27','28','29','30','32','52','33','34','53','35','36','37','38','39','40','41','42','43','44','45','46','47','48','49','50','51','54','55','59','56','57','58') AND `type` = 1 AND `status` = 1  [ RunTime:0.0006s ]
SQL: SHOW COLUMNS FROM `xl_article` [ RunTime:0.0004s ]
SQL: SELECT COUNT(*) AS tp_count FROM `xl_article` LIMIT 1   [ RunTime:0.0002s ]
SQL: SELECT COUNT(*) AS tp_count FROM `xl_article` WHERE `is_delete` = 1 LIMIT 1   [ RunTime:0.0002s ]
SQL: SELECT COUNT(*) AS tp_count FROM `xl_article` WHERE `is_show` = 0 LIMIT 1   [ RunTime:0.0002s ]
SQL: SHOW COLUMNS FROM `xl_chat` [ RunTime:0.0006s ]
SQL: SELECT COUNT(*) AS tp_count FROM `xl_chat` LIMIT 1   [ RunTime:0.0002s ]
SQL: SELECT COUNT(*) AS tp_count FROM `xl_chat` WHERE `is_delete` = 1 LIMIT 1   [ RunTime:0.0002s ]
SQL: SELECT COUNT(*) AS tp_count FROM `xl_chat` WHERE `is_show` = 0 LIMIT 1   [ RunTime:0.0002s ]
SQL: SHOW COLUMNS FROM `xl_comment` [ RunTime:0.0004s ]
SQL: SELECT COUNT(*) AS tp_count FROM `xl_comment` LIMIT 1   [ RunTime:0.0002s ]
INFO: [ view_parse ] --START--
INFO: [ template_filter ] --START--
INFO: Run Behavior\ContentReplaceBehavior [ RunTime:0.000032s ]
INFO: [ template_filter ] --END-- [ RunTime:0.000052s ]
ERR: Call to undefined function apache_get_version()

[ 2017-04-29T13:46:40+08:00 ] 127.0.0.1 /index.php?m=Admin&c=Article&a=add
INFO: [ app_init ] --START--
INFO: Run Behavior\BuildLiteBehavior [ RunTime:0.000006s ]
INFO: [ app_init ] --END-- [ RunTime:0.000148s ]
INFO: [ app_begin ] --START--
INFO: Run Behavior\ReadHtmlCacheBehavior [ RunTime:0.000190s ]
INFO: [ app_begin ] --END-- [ RunTime:0.000205s ]
SQL: SHOW COLUMNS FROM `xl_auth_group_access` [ RunTime:0.0004s ]
SQL: SELECT `uid`,`group_id`,`title`,`rules` FROM xl_auth_group_access a INNER JOIN xl_auth_group g on a.group_id=g.id  WHERE ( a.uid='88' and g.status='1' )  [ RunTime:0.0004s ]
SQL: SHOW COLUMNS FROM `xl_auth_rule` [ RunTime:0.0004s ]
SQL: SELECT `condition`,`name` FROM `xl_auth_rule` WHERE `id` IN ('1','2','4','6','9','10','11','12','13','14','15','16','17','18','19','20','21','22','24','25','26','31','27','28','29','30','32','52','33','34','53','35','36','37','38','39','40','41','42','43','44','45','46','47','48','49','50','51','54','55','59','56','57','58') AND `type` = 1 AND `status` = 1  [ RunTime:0.0005s ]
SQL: SHOW COLUMNS FROM `xl_article` [ RunTime:0.0004s ]
SQL: SHOW COLUMNS FROM `xl_category` [ RunTime:0.0003s ]
SQL: SHOW COLUMNS FROM `xl_tag` [ RunTime:0.0005s ]
SQL: SELECT * FROM `xl_tag`  [ RunTime:0.0002s ]
SQL: SHOW COLUMNS FROM `xl_article_tag` [ RunTime:0.0004s ]
SQL: SELECT COUNT(*) AS tp_count FROM `xl_article_tag` WHERE `tid` = 1 LIMIT 1   [ RunTime:0.0002s ]
SQL: SELECT COUNT(*) AS tp_count FROM `xl_article_tag` WHERE `tid` = 3 LIMIT 1   [ RunTime:0.0002s ]
SQL: SELECT COUNT(*) AS tp_count FROM `xl_article_tag` WHERE `tid` = 4 LIMIT 1   [ RunTime:0.0002s ]
INFO: [ view_parse ] --START--
INFO: [ template_filter ] --START--
INFO: Run Behavior\ContentReplaceBehavior [ RunTime:0.000053s ]
INFO: [ template_filter ] --END-- [ RunTime:0.000072s ]
INFO: Run Behavior\ParseTemplateBehavior [ RunTime:0.003895s ]
INFO: [ view_parse ] --END-- [ RunTime:0.003948s ]
INFO: [ view_filter ] --START--
INFO: Run Behavior\WriteHtmlCacheBehavior [ RunTime:0.000119s ]
INFO: [ view_filter ] --END-- [ RunTime:0.000131s ]
INFO: [ app_end ] --START--
INFO: Run Behavior\ShowPageTraceBehavior [ RunTime:0.000307s ]
INFO: [ app_end ] --END-- [ RunTime:0.000324s ]

[ 2017-04-29T13:46:43+08:00 ] 127.0.0.1 /index.php?m=Admin&c=Article&a=index
INFO: [ app_init ] --START--
INFO: Run Behavior\BuildLiteBehavior [ RunTime:0.000006s ]
INFO: [ app_init ] --END-- [ RunTime:0.000162s ]
INFO: [ app_begin ] --START--
INFO: Run Behavior\ReadHtmlCacheBehavior [ RunTime:0.000218s ]
INFO: [ app_begin ] --END-- [ RunTime:0.000237s ]
SQL: SHOW COLUMNS FROM `xl_auth_group_access` [ RunTime:0.0005s ]
SQL: SELECT `uid`,`group_id`,`title`,`rules` FROM xl_auth_group_access a INNER JOIN xl_auth_group g on a.group_id=g.id  WHERE ( a.uid='88' and g.status='1' )  [ RunTime:0.0004s ]
SQL: SHOW COLUMNS FROM `xl_auth_rule` [ RunTime:0.0004s ]
SQL: SELECT `condition`,`name` FROM `xl_auth_rule` WHERE `id` IN ('1','2','4','6','9','10','11','12','13','14','15','16','17','18','19','20','21','22','24','25','26','31','27','28','29','30','32','52','33','34','53','35','36','37','38','39','40','41','42','43','44','45','46','47','48','49','50','51','54','55','59','56','57','58') AND `type` = 1 AND `status` = 1  [ RunTime:0.0005s ]
SQL: SHOW COLUMNS FROM `xl_article` [ RunTime:0.0004s ]
SQL: SELECT COUNT(*) AS tp_count FROM `xl_article` WHERE `is_delete` = 0 LIMIT 1   [ RunTime:0.0002s ]
SQL: SELECT * FROM `xl_article` WHERE `is_delete` = 0 ORDER BY addtime desc LIMIT 0,15   [ RunTime:0.0002s ]
INFO: [ view_parse ] --START--
INFO: [ template_filter ] --START--
INFO: Run Behavior\ContentReplaceBehavior [ RunTime:0.000030s ]
INFO: [ template_filter ] --END-- [ RunTime:0.000044s ]
INFO: Run Behavior\ParseTemplateBehavior [ RunTime:0.003224s ]
INFO: [ view_parse ] --END-- [ RunTime:0.003239s ]
INFO: [ view_filter ] --START--
INFO: Run Behavior\WriteHtmlCacheBehavior [ RunTime:0.000072s ]
INFO: [ view_filter ] --END-- [ RunTime:0.000082s ]
INFO: [ app_end ] --START--
INFO: Run Behavior\ShowPageTraceBehavior [ RunTime:0.000244s ]
INFO: [ app_end ] --END-- [ RunTime:0.000256s ]

[ 2017-04-29T13:46:44+08:00 ] 127.0.0.1 /index.php?m=Admin&c=Article&a=add
INFO: [ app_init ] --START--
INFO: Run Behavior\BuildLiteBehavior [ RunTime:0.000005s ]
INFO: [ app_init ] --END-- [ RunTime:0.000149s ]
INFO: [ app_begin ] --START--
INFO: Run Behavior\ReadHtmlCacheBehavior [ RunTime:0.000203s ]
INFO: [ app_begin ] --END-- [ RunTime:0.000218s ]
SQL: SHOW COLUMNS FROM `xl_auth_group_access` [ RunTime:0.0005s ]
SQL: SELECT `uid`,`group_id`,`title`,`rules` FROM xl_auth_group_access a INNER JOIN xl_auth_group g on a.group_id=g.id  WHERE ( a.uid='88' and g.status='1' )  [ RunTime:0.0004s ]
SQL: SHOW COLUMNS FROM `xl_auth_rule` [ RunTime:0.0004s ]
SQL: SELECT `condition`,`name` FROM `xl_auth_rule` WHERE `id` IN ('1','2','4','6','9','10','11','12','13','14','15','16','17','18','19','20','21','22','24','25','26','31','27','28','29','30','32','52','33','34','53','35','36','37','38','39','40','41','42','43','44','45','46','47','48','49','50','51','54','55','59','56','57','58') AND `type` = 1 AND `status` = 1  [ RunTime:0.0005s ]
SQL: SHOW COLUMNS FROM `xl_article` [ RunTime:0.0004s ]
SQL: SHOW COLUMNS FROM `xl_category` [ RunTime:0.0004s ]
SQL: SHOW COLUMNS FROM `xl_tag` [ RunTime:0.0005s ]
SQL: SELECT * FROM `xl_tag`  [ RunTime:0.0002s ]
SQL: SHOW COLUMNS FROM `xl_article_tag` [ RunTime:0.0003s ]
SQL: SELECT COUNT(*) AS tp_count FROM `xl_article_tag` WHERE `tid` = 1 LIMIT 1   [ RunTime:0.0002s ]
SQL: SELECT COUNT(*) AS tp_count FROM `xl_article_tag` WHERE `tid` = 3 LIMIT 1   [ RunTime:0.0002s ]
SQL: SELECT COUNT(*) AS tp_count FROM `xl_article_tag` WHERE `tid` = 4 LIMIT 1   [ RunTime:0.0002s ]
INFO: [ view_parse ] --START--
INFO: [ template_filter ] --START--
INFO: Run Behavior\ContentReplaceBehavior [ RunTime:0.000050s ]
INFO: [ template_filter ] --END-- [ RunTime:0.000065s ]
INFO: Run Behavior\ParseTemplateBehavior [ RunTime:0.003464s ]
INFO: [ view_parse ] --END-- [ RunTime:0.003479s ]
INFO: [ view_filter ] --START--
INFO: Run Behavior\WriteHtmlCacheBehavior [ RunTime:0.000071s ]
INFO: [ view_filter ] --END-- [ RunTime:0.000083s ]
INFO: [ app_end ] --START--
INFO: Run Behavior\ShowPageTraceBehavior [ RunTime:0.000234s ]
INFO: [ app_end ] --END-- [ RunTime:0.000246s ]

[ 2017-04-29T13:47:10+08:00 ] 127.0.0.1 /index.php?m=Admin&c=Tag&a=add
INFO: [ app_init ] --START--
INFO: Run Behavior\BuildLiteBehavior [ RunTime:0.000006s ]
INFO: [ app_init ] --END-- [ RunTime:0.000162s ]
INFO: [ app_begin ] --START--
INFO: Run Behavior\ReadHtmlCacheBehavior [ RunTime:0.000207s ]
INFO: [ app_begin ] --END-- [ RunTime:0.000224s ]
SQL: SHOW COLUMNS FROM `xl_auth_group_access` [ RunTime:0.0005s ]
SQL: SELECT `uid`,`group_id`,`title`,`rules` FROM xl_auth_group_access a INNER JOIN xl_auth_group g on a.group_id=g.id  WHERE ( a.uid='88' and g.status='1' )  [ RunTime:0.0003s ]
SQL: SHOW COLUMNS FROM `xl_auth_rule` [ RunTime:0.0003s ]
SQL: SELECT `condition`,`name` FROM `xl_auth_rule` WHERE `id` IN ('1','2','4','6','9','10','11','12','13','14','15','16','17','18','19','20','21','22','24','25','26','31','27','28','29','30','32','52','33','34','53','35','36','37','38','39','40','41','42','43','44','45','46','47','48','49','50','51','54','55','59','56','57','58') AND `type` = 1 AND `status` = 1  [ RunTime:0.0005s ]
SQL: SHOW COLUMNS FROM `xl_tag` [ RunTime:0.0005s ]
INFO: [ view_parse ] --START--
INFO: [ template_filter ] --START--
INFO: Run Behavior\ContentReplaceBehavior [ RunTime:0.000026s ]
INFO: [ template_filter ] --END-- [ RunTime:0.000044s ]
INFO: Run Behavior\ParseTemplateBehavior [ RunTime:0.002596s ]
INFO: [ view_parse ] --END-- [ RunTime:0.002614s ]
INFO: [ view_filter ] --START--
INFO: Run Behavior\WriteHtmlCacheBehavior [ RunTime:0.000084s ]
INFO: [ view_filter ] --END-- [ RunTime:0.000096s ]
INFO: [ app_end ] --START--
INFO: Run Behavior\ShowPageTraceBehavior [ RunTime:0.000242s ]
INFO: [ app_end ] --END-- [ RunTime:0.000255s ]

[ 2017-04-29T13:47:11+08:00 ] 127.0.0.1 /index.php?m=Admin&c=Tag&a=index
INFO: [ app_init ] --START--
INFO: Run Behavior\BuildLiteBehavior [ RunTime:0.000006s ]
INFO: [ app_init ] --END-- [ RunTime:0.000147s ]
INFO: [ app_begin ] --START--
INFO: Run Behavior\ReadHtmlCacheBehavior [ RunTime:0.000189s ]
INFO: [ app_begin ] --END-- [ RunTime:0.000203s ]
SQL: SHOW COLUMNS FROM `xl_auth_group_access` [ RunTime:0.0008s ]
SQL: SELECT `uid`,`group_id`,`title`,`rules` FROM xl_auth_group_access a INNER JOIN xl_auth_group g on a.group_id=g.id  WHERE ( a.uid='88' and g.status='1' )  [ RunTime:0.0004s ]
SQL: SHOW COLUMNS FROM `xl_auth_rule` [ RunTime:0.0004s ]
SQL: SELECT `condition`,`name` FROM `xl_auth_rule` WHERE `id` IN ('1','2','4','6','9','10','11','12','13','14','15','16','17','18','19','20','21','22','24','25','26','31','27','28','29','30','32','52','33','34','53','35','36','37','38','39','40','41','42','43','44','45','46','47','48','49','50','51','54','55','59','56','57','58') AND `type` = 1 AND `status` = 1  [ RunTime:0.0006s ]
SQL: SHOW COLUMNS FROM `xl_tag` [ RunTime:0.0006s ]
SQL: SELECT * FROM `xl_tag`  [ RunTime:0.0007s ]
SQL: SHOW COLUMNS FROM `xl_article_tag` [ RunTime:0.0006s ]
SQL: SELECT COUNT(*) AS tp_count FROM `xl_article_tag` WHERE `tid` = 1 LIMIT 1   [ RunTime:0.0005s ]
SQL: SELECT COUNT(*) AS tp_count FROM `xl_article_tag` WHERE `tid` = 3 LIMIT 1   [ RunTime:0.0002s ]
SQL: SELECT COUNT(*) AS tp_count FROM `xl_article_tag` WHERE `tid` = 4 LIMIT 1   [ RunTime:0.0001s ]
INFO: [ view_parse ] --START--
INFO: [ template_filter ] --START--
INFO: Run Behavior\ContentReplaceBehavior [ RunTime:0.000028s ]
INFO: [ template_filter ] --END-- [ RunTime:0.000046s ]
INFO: Run Behavior\ParseTemplateBehavior [ RunTime:0.005190s ]
INFO: [ view_parse ] --END-- [ RunTime:0.005208s ]
INFO: [ view_filter ] --START--
INFO: Run Behavior\WriteHtmlCacheBehavior [ RunTime:0.000075s ]
INFO: [ view_filter ] --END-- [ RunTime:0.000084s ]
INFO: [ app_end ] --START--
INFO: Run Behavior\ShowPageTraceBehavior [ RunTime:0.000271s ]
INFO: [ app_end ] --END-- [ RunTime:0.000284s ]

[ 2017-04-29T13:47:12+08:00 ] 127.0.0.1 /index.php?m=Admin&c=Category&a=add
INFO: [ app_init ] --START--
INFO: Run Behavior\BuildLiteBehavior [ RunTime:0.000005s ]
INFO: [ app_init ] --END-- [ RunTime:0.000149s ]
INFO: [ app_begin ] --START--
INFO: Run Behavior\ReadHtmlCacheBehavior [ RunTime:0.000188s ]
INFO: [ app_begin ] --END-- [ RunTime:0.000203s ]
SQL: SHOW COLUMNS FROM `xl_auth_group_access` [ RunTime:0.0004s ]
SQL: SELECT `uid`,`group_id`,`title`,`rules` FROM xl_auth_group_access a INNER JOIN xl_auth_group g on a.group_id=g.id  WHERE ( a.uid='88' and g.status='1' )  [ RunTime:0.0004s ]
SQL: SHOW COLUMNS FROM `xl_auth_rule` [ RunTime:0.0004s ]
SQL: SELECT `condition`,`name` FROM `xl_auth_rule` WHERE `id` IN ('1','2','4','6','9','10','11','12','13','14','15','16','17','18','19','20','21','22','24','25','26','31','27','28','29','30','32','52','33','34','53','35','36','37','38','39','40','41','42','43','44','45','46','47','48','49','50','51','54','55','59','56','57','58') AND `type` = 1 AND `status` = 1  [ RunTime:0.0006s ]
SQL: SHOW COLUMNS FROM `xl_category` [ RunTime:0.0005s ]
INFO: [ view_parse ] --START--
INFO: [ template_filter ] --START--
INFO: Run Behavior\ContentReplaceBehavior [ RunTime:0.000027s ]
INFO: [ template_filter ] --END-- [ RunTime:0.000043s ]
NOTIC: [8] Undefined variable: cid /Users/mac/web/xlblog/Runtime/Cache/Admin/d6344eb07a59a6cdef927052d7ddf82a.php 第 25 行.
NOTIC: [8] Undefined variable: cid /Users/mac/web/xlblog/Runtime/Cache/Admin/d6344eb07a59a6cdef927052d7ddf82a.php 第 25 行.
NOTIC: [8] Undefined variable: cid /Users/mac/web/xlblog/Runtime/Cache/Admin/d6344eb07a59a6cdef927052d7ddf82a.php 第 25 行.
INFO: Run Behavior\ParseTemplateBehavior [ RunTime:0.003056s ]
INFO: [ view_parse ] --END-- [ RunTime:0.003070s ]
INFO: [ view_filter ] --START--
INFO: Run Behavior\WriteHtmlCacheBehavior [ RunTime:0.000074s ]
INFO: [ view_filter ] --END-- [ RunTime:0.000085s ]
INFO: [ app_end ] --START--
INFO: Run Behavior\ShowPageTraceBehavior [ RunTime:0.000210s ]
INFO: [ app_end ] --END-- [ RunTime:0.000220s ]

[ 2017-04-29T13:47:13+08:00 ] 127.0.0.1 /index.php?m=Admin&c=Category&a=index
INFO: [ app_init ] --START--
INFO: Run Behavior\BuildLiteBehavior [ RunTime:0.000005s ]
INFO: [ app_init ] --END-- [ RunTime:0.000141s ]
INFO: [ app_begin ] --START--
INFO: Run Behavior\ReadHtmlCacheBehavior [ RunTime:0.000188s ]
INFO: [ app_begin ] --END-- [ RunTime:0.000203s ]
SQL: SHOW COLUMNS FROM `xl_auth_group_access` [ RunTime:0.0004s ]
SQL: SELECT `uid`,`group_id`,`title`,`rules` FROM xl_auth_group_access a INNER JOIN xl_auth_group g on a.group_id=g.id  WHERE ( a.uid='88' and g.status='1' )  [ RunTime:0.0003s ]
SQL: SHOW COLUMNS FROM `xl_auth_rule` [ RunTime:0.0004s ]
SQL: SELECT `condition`,`name` FROM `xl_auth_rule` WHERE `id` IN ('1','2','4','6','9','10','11','12','13','14','15','16','17','18','19','20','21','22','24','25','26','31','27','28','29','30','32','52','33','34','53','35','36','37','38','39','40','41','42','43','44','45','46','47','48','49','50','51','54','55','59','56','57','58') AND `type` = 1 AND `status` = 1  [ RunTime:0.0006s ]
SQL: SHOW COLUMNS FROM `xl_category` [ RunTime:0.0004s ]
INFO: [ view_parse ] --START--
INFO: [ template_filter ] --START--
INFO: Run Behavior\ContentReplaceBehavior [ RunTime:0.000051s ]
INFO: [ template_filter ] --END-- [ RunTime:0.000121s ]
INFO: Run Behavior\ParseTemplateBehavior [ RunTime:0.004550s ]
INFO: [ view_parse ] --END-- [ RunTime:0.004568s ]
INFO: [ view_filter ] --START--
INFO: Run Behavior\WriteHtmlCacheBehavior [ RunTime:0.000096s ]
INFO: [ view_filter ] --END-- [ RunTime:0.000108s ]
INFO: [ app_end ] --START--
INFO: Run Behavior\ShowPageTraceBehavior [ RunTime:0.000389s ]
INFO: [ app_end ] --END-- [ RunTime:0.000404s ]

[ 2017-04-29T13:47:14+08:00 ] 127.0.0.1 /index.php?m=Admin&c=Comment&a=index
INFO: [ app_init ] --START--
INFO: Run Behavior\BuildLiteBehavior [ RunTime:0.000009s ]
INFO: [ app_init ] --END-- [ RunTime:0.000238s ]
INFO: [ app_begin ] --START--
INFO: Run Behavior\ReadHtmlCacheBehavior [ RunTime:0.000250s ]
INFO: [ app_begin ] --END-- [ RunTime:0.000270s ]
SQL: SHOW COLUMNS FROM `xl_auth_group_access` [ RunTime:0.0004s ]
SQL: SELECT `uid`,`group_id`,`title`,`rules` FROM xl_auth_group_access a INNER JOIN xl_auth_group g on a.group_id=g.id  WHERE ( a.uid='88' and g.status='1' )  [ RunTime:0.0003s ]
SQL: SHOW COLUMNS FROM `xl_auth_rule` [ RunTime:0.0003s ]
SQL: SELECT `condition`,`name` FROM `xl_auth_rule` WHERE `id` IN ('1','2','4','6','9','10','11','12','13','14','15','16','17','18','19','20','21','22','24','25','26','31','27','28','29','30','32','52','33','34','53','35','36','37','38','39','40','41','42','43','44','45','46','47','48','49','50','51','54','55','59','56','57','58') AND `type` = 1 AND `status` = 1  [ RunTime:0.0005s ]
SQL: SHOW COLUMNS FROM `xl_comment` [ RunTime:0.0004s ]
SQL: SELECT COUNT(*) AS tp_count FROM xl_comment c INNER JOIN xl_article a ON a.aid=c.aid INNER JOIN xl_oauth_user ou ON ou.id=c.ouid  WHERE c.is_delete = 0 LIMIT 1   [ RunTime:0.0003s ]
SQL: SELECT c.*,a.title,ou.nickname FROM xl_comment c INNER JOIN xl_article a ON a.aid=c.aid INNER JOIN xl_oauth_user ou ON ou.id=c.ouid  WHERE c.is_delete = 0 ORDER BY date desc LIMIT 0,15   [ RunTime:0.0003s ]
INFO: [ view_parse ] --START--
INFO: [ template_filter ] --START--
INFO: Run Behavior\ContentReplaceBehavior [ RunTime:0.000028s ]
INFO: [ template_filter ] --END-- [ RunTime:0.000042s ]
INFO: Run Behavior\ParseTemplateBehavior [ RunTime:0.003009s ]
INFO: [ view_parse ] --END-- [ RunTime:0.003024s ]
INFO: [ view_filter ] --START--
INFO: Run Behavior\WriteHtmlCacheBehavior [ RunTime:0.000070s ]
INFO: [ view_filter ] --END-- [ RunTime:0.000080s ]
INFO: [ app_end ] --START--
INFO: Run Behavior\ShowPageTraceBehavior [ RunTime:0.000227s ]
INFO: [ app_end ] --END-- [ RunTime:0.000238s ]

[ 2017-04-29T13:47:14+08:00 ] 127.0.0.1 /index.php?m=Admin&c=Recycle&a=article
INFO: [ app_init ] --START--
INFO: Run Behavior\BuildLiteBehavior [ RunTime:0.000005s ]
INFO: [ app_init ] --END-- [ RunTime:0.000145s ]
INFO: [ app_begin ] --START--
INFO: Run Behavior\ReadHtmlCacheBehavior [ RunTime:0.000189s ]
INFO: [ app_begin ] --END-- [ RunTime:0.000204s ]
SQL: SHOW COLUMNS FROM `xl_auth_group_access` [ RunTime:0.0004s ]
SQL: SELECT `uid`,`group_id`,`title`,`rules` FROM xl_auth_group_access a INNER JOIN xl_auth_group g on a.group_id=g.id  WHERE ( a.uid='88' and g.status='1' )  [ RunTime:0.0003s ]
SQL: SHOW COLUMNS FROM `xl_auth_rule` [ RunTime:0.0004s ]
SQL: SELECT `condition`,`name` FROM `xl_auth_rule` WHERE `id` IN ('1','2','4','6','9','10','11','12','13','14','15','16','17','18','19','20','21','22','24','25','26','31','27','28','29','30','32','52','33','34','53','35','36','37','38','39','40','41','42','43','44','45','46','47','48','49','50','51','54','55','59','56','57','58') AND `type` = 1 AND `status` = 1  [ RunTime:0.0005s ]
SQL: SHOW COLUMNS FROM `xl_article` [ RunTime:0.0004s ]
SQL: SELECT COUNT(*) AS tp_count FROM `xl_article` WHERE `is_delete` = 1 LIMIT 1   [ RunTime:0.0002s ]
SQL: SELECT * FROM `xl_article` WHERE `is_delete` = 1 ORDER BY addtime desc LIMIT 0,10   [ RunTime:0.0002s ]
INFO: [ view_parse ] --START--
INFO: [ template_filter ] --START--
INFO: Run Behavior\ContentReplaceBehavior [ RunTime:0.000031s ]
INFO: [ template_filter ] --END-- [ RunTime:0.000052s ]
INFO: Run Behavior\ParseTemplateBehavior [ RunTime:0.002887s ]
INFO: [ view_parse ] --END-- [ RunTime:0.002901s ]
INFO: [ view_filter ] --START--
INFO: Run Behavior\WriteHtmlCacheBehavior [ RunTime:0.000072s ]
INFO: [ view_filter ] --END-- [ RunTime:0.000083s ]
INFO: [ app_end ] --START--
INFO: Run Behavior\ShowPageTraceBehavior [ RunTime:0.000235s ]
INFO: [ app_end ] --END-- [ RunTime:0.000246s ]

[ 2017-04-29T13:47:15+08:00 ] 127.0.0.1 /index.php?m=Admin&c=Rule&a=admin_user_list
INFO: [ app_init ] --START--
INFO: Run Behavior\BuildLiteBehavior [ RunTime:0.000005s ]
INFO: [ app_init ] --END-- [ RunTime:0.000146s ]
INFO: [ app_begin ] --START--
INFO: Run Behavior\ReadHtmlCacheBehavior [ RunTime:0.000193s ]
INFO: [ app_begin ] --END-- [ RunTime:0.000209s ]
SQL: SHOW COLUMNS FROM `xl_auth_group_access` [ RunTime:0.0004s ]
SQL: SELECT `uid`,`group_id`,`title`,`rules` FROM xl_auth_group_access a INNER JOIN xl_auth_group g on a.group_id=g.id  WHERE ( a.uid='88' and g.status='1' )  [ RunTime:0.0004s ]
SQL: SHOW COLUMNS FROM `xl_auth_rule` [ RunTime:0.0004s ]
SQL: SELECT `condition`,`name` FROM `xl_auth_rule` WHERE `id` IN ('1','2','4','6','9','10','11','12','13','14','15','16','17','18','19','20','21','22','24','25','26','31','27','28','29','30','32','52','33','34','53','35','36','37','38','39','40','41','42','43','44','45','46','47','48','49','50','51','54','55','59','56','57','58') AND `type` = 1 AND `status` = 1  [ RunTime:0.0006s ]
SQL: SHOW COLUMNS FROM `xl_auth_group_access` [ RunTime:0.0003s ]
SQL: SELECT u.id,u.username,u.email,aga.group_id,ag.title FROM xl_auth_group_access aga RIGHT JOIN xl_users u ON aga.uid=u.id LEFT JOIN xl_auth_group ag ON aga.group_id=ag.id   [ RunTime:0.0005s ]
INFO: [ view_parse ] --START--
INFO: [ template_filter ] --START--
INFO: Run Behavior\ContentReplaceBehavior [ RunTime:0.000025s ]
INFO: [ template_filter ] --END-- [ RunTime:0.000041s ]
INFO: Run Behavior\ParseTemplateBehavior [ RunTime:0.003088s ]
INFO: [ view_parse ] --END-- [ RunTime:0.003104s ]
INFO: [ view_filter ] --START--
INFO: Run Behavior\WriteHtmlCacheBehavior [ RunTime:0.000080s ]
INFO: [ view_filter ] --END-- [ RunTime:0.000091s ]
INFO: [ app_end ] --START--
INFO: Run Behavior\ShowPageTraceBehavior [ RunTime:0.000323s ]
INFO: [ app_end ] --END-- [ RunTime:0.000337s ]

[ 2017-04-29T13:47:15+08:00 ] 127.0.0.1 /index.php?m=Admin&c=Config&a=index
INFO: [ app_init ] --START--
INFO: Run Behavior\BuildLiteBehavior [ RunTime:0.000006s ]
INFO: [ app_init ] --END-- [ RunTime:0.000153s ]
INFO: [ app_begin ] --START--
INFO: Run Behavior\ReadHtmlCacheBehavior [ RunTime:0.000188s ]
INFO: [ app_begin ] --END-- [ RunTime:0.000201s ]
SQL: SHOW COLUMNS FROM `xl_auth_group_access` [ RunTime:0.0006s ]
SQL: SELECT `uid`,`group_id`,`title`,`rules` FROM xl_auth_group_access a INNER JOIN xl_auth_group g on a.group_id=g.id  WHERE ( a.uid='88' and g.status='1' )  [ RunTime:0.0003s ]
SQL: SHOW COLUMNS FROM `xl_auth_rule` [ RunTime:0.0003s ]
SQL: SELECT `condition`,`name` FROM `xl_auth_rule` WHERE `id` IN ('1','2','4','6','9','10','11','12','13','14','15','16','17','18','19','20','21','22','24','25','26','31','27','28','29','30','32','52','33','34','53','35','36','37','38','39','40','41','42','43','44','45','46','47','48','49','50','51','54','55','59','56','57','58') AND `type` = 1 AND `status` = 1  [ RunTime:0.0005s ]
SQL: SHOW COLUMNS FROM `xl_config` [ RunTime:0.0005s ]
SQL: SELECT `name`,`value` FROM `xl_config`  [ RunTime:0.0003s ]
INFO: [ view_parse ] --START--
INFO: [ template_filter ] --START--
INFO: Run Behavior\ContentReplaceBehavior [ RunTime:0.000089s ]
INFO: [ template_filter ] --END-- [ RunTime:0.000104s ]
INFO: Run Behavior\ParseTemplateBehavior [ RunTime:0.005276s ]
INFO: [ view_parse ] --END-- [ RunTime:0.005297s ]
INFO: [ view_filter ] --START--
INFO: Run Behavior\WriteHtmlCacheBehavior [ RunTime:0.000082s ]
INFO: [ view_filter ] --END-- [ RunTime:0.000092s ]
INFO: [ app_end ] --START--
INFO: Run Behavior\ShowPageTraceBehavior [ RunTime:0.000219s ]
INFO: [ app_end ] --END-- [ RunTime:0.000232s ]

[ 2017-04-29T13:47:16+08:00 ] 127.0.0.1 /index.php?m=Admin&c=Article&a=add
INFO: [ app_init ] --START--
INFO: Run Behavior\BuildLiteBehavior [ RunTime:0.000005s ]
INFO: [ app_init ] --END-- [ RunTime:0.000152s ]
INFO: [ app_begin ] --START--
INFO: Run Behavior\ReadHtmlCacheBehavior [ RunTime:0.000191s ]
INFO: [ app_begin ] --END-- [ RunTime:0.000206s ]
SQL: SHOW COLUMNS FROM `xl_auth_group_access` [ RunTime:0.0004s ]
SQL: SELECT `uid`,`group_id`,`title`,`rules` FROM xl_auth_group_access a INNER JOIN xl_auth_group g on a.group_id=g.id  WHERE ( a.uid='88' and g.status='1' )  [ RunTime:0.0004s ]
SQL: SHOW COLUMNS FROM `xl_auth_rule` [ RunTime:0.0004s ]
SQL: SELECT `condition`,`name` FROM `xl_auth_rule` WHERE `id` IN ('1','2','4','6','9','10','11','12','13','14','15','16','17','18','19','20','21','22','24','25','26','31','27','28','29','30','32','52','33','34','53','35','36','37','38','39','40','41','42','43','44','45','46','47','48','49','50','51','54','55','59','56','57','58') AND `type` = 1 AND `status` = 1  [ RunTime:0.0005s ]
SQL: SHOW COLUMNS FROM `xl_article` [ RunTime:0.0003s ]
SQL: SHOW COLUMNS FROM `xl_category` [ RunTime:0.0003s ]
SQL: SHOW COLUMNS FROM `xl_tag` [ RunTime:0.0003s ]
SQL: SELECT * FROM `xl_tag`  [ RunTime:0.0002s ]
SQL: SHOW COLUMNS FROM `xl_article_tag` [ RunTime:0.0003s ]
SQL: SELECT COUNT(*) AS tp_count FROM `xl_article_tag` WHERE `tid` = 1 LIMIT 1   [ RunTime:0.0002s ]
SQL: SELECT COUNT(*) AS tp_count FROM `xl_article_tag` WHERE `tid` = 3 LIMIT 1   [ RunTime:0.0002s ]
SQL: SELECT COUNT(*) AS tp_count FROM `xl_article_tag` WHERE `tid` = 4 LIMIT 1   [ RunTime:0.0002s ]
INFO: [ view_parse ] --START--
INFO: [ template_filter ] --START--
INFO: Run Behavior\ContentReplaceBehavior [ RunTime:0.000051s ]
INFO: [ template_filter ] --END-- [ RunTime:0.000068s ]
INFO: Run Behavior\ParseTemplateBehavior [ RunTime:0.003877s ]
INFO: [ view_parse ] --END-- [ RunTime:0.003891s ]
INFO: [ view_filter ] --START--
INFO: Run Behavior\WriteHtmlCacheBehavior [ RunTime:0.000075s ]
INFO: [ view_filter ] --END-- [ RunTime:0.000084s ]
INFO: [ app_end ] --START--
INFO: Run Behavior\ShowPageTraceBehavior [ RunTime:0.000216s ]
INFO: [ app_end ] --END-- [ RunTime:0.000227s ]

