[ 2017-04-29T13:44:52+08:00 ] 127.0.0.1 /index.php?m=Index&c=Index&a=index
INFO: [ app_init ] --START--
INFO: Run Behavior\BuildLiteBehavior [ RunTime:0.000009s ]
INFO: [ app_init ] --END-- [ RunTime:0.000190s ]
INFO: [ app_begin ] --START--
INFO: Run Behavior\ReadHtmlCacheBehavior [ RunTime:0.000254s ]
INFO: [ app_begin ] --END-- [ RunTime:0.000277s ]
SQL: SHOW COLUMNS FROM `xl_category` [ RunTime:0.0004s ]
SQL: SELECT * FROM `xl_category` ORDER BY sort  [ RunTime:0.0003s ]
SQL: SHOW COLUMNS FROM `xl_article` [ RunTime:0.0005s ]
SQL: SELECT `aid`,`title` FROM `xl_article` WHERE `is_show` = 1 AND `is_delete` = 0 AND `is_top` = 1 ORDER BY aid desc  [ RunTime:0.0002s ]
SQL: SELECT `aid`,`title` FROM `xl_article` WHERE `is_show` = 1 AND `is_delete` = 0 ORDER BY addtime desc LIMIT 5   [ RunTime:0.0002s ]
SQL: SHOW COLUMNS FROM `xl_article` [ RunTime:0.0004s ]
SQL: SELECT COUNT(*) AS tp_count FROM `xl_article` WHERE `is_delete` = 0 AND `is_show` = 1 LIMIT 1   [ RunTime:0.0002s ]
SQL: SELECT * FROM `xl_article` WHERE `is_delete` = 0 AND `is_show` = 1 ORDER BY addtime desc LIMIT 0,10   [ RunTime:0.0003s ]
SQL: SHOW COLUMNS FROM `xl_link` [ RunTime:0.0004s ]
SQL: SELECT * FROM `xl_link` WHERE `is_delete` = 0 ORDER BY sort  [ RunTime:0.0002s ]
INFO: [ view_parse ] --START--
INFO: [ template_filter ] --START--
INFO: Run Behavior\ContentReplaceBehavior [ RunTime:0.000061s ]
INFO: [ template_filter ] --END-- [ RunTime:0.000078s ]
INFO: Run Behavior\ParseTemplateBehavior [ RunTime:0.004887s ]
INFO: [ view_parse ] --END-- [ RunTime:0.004905s ]
INFO: [ view_filter ] --START--
INFO: Run Behavior\WriteHtmlCacheBehavior [ RunTime:0.000084s ]
INFO: [ view_filter ] --END-- [ RunTime:0.000095s ]
INFO: [ app_end ] --START--
INFO: Run Behavior\ShowPageTraceBehavior [ RunTime:0.000251s ]
INFO: [ app_end ] --END-- [ RunTime:0.000262s ]

[ 2017-04-29T13:46:40+08:00 ] 127.0.0.1 /
INFO: [ app_init ] --START--
INFO: Run Behavior\BuildLiteBehavior [ RunTime:0.000005s ]
INFO: [ app_init ] --END-- [ RunTime:0.000147s ]
INFO: [ app_begin ] --START--
INFO: Run Behavior\ReadHtmlCacheBehavior [ RunTime:0.000193s ]
INFO: [ app_begin ] --END-- [ RunTime:0.000211s ]
SQL: SHOW COLUMNS FROM `xl_category` [ RunTime:0.0006s ]
SQL: SHOW COLUMNS FROM `xl_article` [ RunTime:0.0007s ]
SQL: SELECT `aid`,`title` FROM `xl_article` WHERE `is_show` = 1 AND `is_delete` = 0 AND `is_top` = 1 ORDER BY aid desc  [ RunTime:0.0003s ]
SQL: SELECT `aid`,`title` FROM `xl_article` WHERE `is_show` = 1 AND `is_delete` = 0 ORDER BY addtime desc LIMIT 5   [ RunTime:0.0003s ]
SQL: SHOW COLUMNS FROM `xl_article` [ RunTime:0.0005s ]
SQL: SELECT COUNT(*) AS tp_count FROM `xl_article` WHERE `is_delete` = 0 AND `is_show` = 1 LIMIT 1   [ RunTime:0.0002s ]
SQL: SELECT * FROM `xl_article` WHERE `is_delete` = 0 AND `is_show` = 1 ORDER BY addtime desc LIMIT 0,10   [ RunTime:0.0003s ]
SQL: SHOW COLUMNS FROM `xl_link` [ RunTime:0.0005s ]
SQL: SELECT * FROM `xl_link` WHERE `is_delete` = 0 ORDER BY sort  [ RunTime:0.0002s ]
INFO: [ view_parse ] --START--
INFO: [ template_filter ] --START--
INFO: Run Behavior\ContentReplaceBehavior [ RunTime:0.000057s ]
INFO: [ template_filter ] --END-- [ RunTime:0.000074s ]
INFO: Run Behavior\ParseTemplateBehavior [ RunTime:0.005073s ]
INFO: [ view_parse ] --END-- [ RunTime:0.005092s ]
INFO: [ view_filter ] --START--
INFO: Run Behavior\WriteHtmlCacheBehavior [ RunTime:0.000124s ]
INFO: [ view_filter ] --END-- [ RunTime:0.000147s ]
INFO: [ app_end ] --START--
INFO: Run Behavior\ShowPageTraceBehavior [ RunTime:0.000262s ]
INFO: [ app_end ] --END-- [ RunTime:0.000275s ]

[ 2017-04-29T13:46:45+08:00 ] 127.0.0.1 /
INFO: [ app_init ] --START--
INFO: Run Behavior\BuildLiteBehavior [ RunTime:0.000005s ]
INFO: [ app_init ] --END-- [ RunTime:0.000148s ]
INFO: [ app_begin ] --START--
INFO: Run Behavior\ReadHtmlCacheBehavior [ RunTime:0.000197s ]
INFO: [ app_begin ] --END-- [ RunTime:0.000214s ]
SQL: SHOW COLUMNS FROM `xl_category` [ RunTime:0.0007s ]
SQL: SHOW COLUMNS FROM `xl_article` [ RunTime:0.0005s ]
SQL: SELECT `aid`,`title` FROM `xl_article` WHERE `is_show` = 1 AND `is_delete` = 0 AND `is_top` = 1 ORDER BY aid desc  [ RunTime:0.0003s ]
SQL: SELECT `aid`,`title` FROM `xl_article` WHERE `is_show` = 1 AND `is_delete` = 0 ORDER BY addtime desc LIMIT 5   [ RunTime:0.0002s ]
SQL: SHOW COLUMNS FROM `xl_article` [ RunTime:0.0004s ]
SQL: SELECT COUNT(*) AS tp_count FROM `xl_article` WHERE `is_delete` = 0 AND `is_show` = 1 LIMIT 1   [ RunTime:0.0002s ]
SQL: SELECT * FROM `xl_article` WHERE `is_delete` = 0 AND `is_show` = 1 ORDER BY addtime desc LIMIT 0,10   [ RunTime:0.0003s ]
SQL: SHOW COLUMNS FROM `xl_link` [ RunTime:0.0005s ]
SQL: SELECT * FROM `xl_link` WHERE `is_delete` = 0 ORDER BY sort  [ RunTime:0.0003s ]
INFO: [ view_parse ] --START--
INFO: [ template_filter ] --START--
INFO: Run Behavior\ContentReplaceBehavior [ RunTime:0.000067s ]
INFO: [ template_filter ] --END-- [ RunTime:0.000096s ]
INFO: Run Behavior\ParseTemplateBehavior [ RunTime:0.007259s ]
INFO: [ view_parse ] --END-- [ RunTime:0.007285s ]
INFO: [ view_filter ] --START--
INFO: Run Behavior\WriteHtmlCacheBehavior [ RunTime:0.000160s ]
INFO: [ view_filter ] --END-- [ RunTime:0.000174s ]
INFO: [ app_end ] --START--
INFO: Run Behavior\ShowPageTraceBehavior [ RunTime:0.000280s ]
INFO: [ app_end ] --END-- [ RunTime:0.000293s ]

[ 2017-04-29T13:47:17+08:00 ] 127.0.0.1 /
INFO: [ app_init ] --START--
INFO: Run Behavior\BuildLiteBehavior [ RunTime:0.000013s ]
INFO: [ app_init ] --END-- [ RunTime:0.000268s ]
INFO: [ app_begin ] --START--
INFO: Run Behavior\ReadHtmlCacheBehavior [ RunTime:0.000291s ]
INFO: [ app_begin ] --END-- [ RunTime:0.000320s ]
SQL: SHOW COLUMNS FROM `xl_category` [ RunTime:0.0004s ]
SQL: SHOW COLUMNS FROM `xl_article` [ RunTime:0.0005s ]
SQL: SELECT `aid`,`title` FROM `xl_article` WHERE `is_show` = 1 AND `is_delete` = 0 AND `is_top` = 1 ORDER BY aid desc  [ RunTime:0.0002s ]
SQL: SELECT `aid`,`title` FROM `xl_article` WHERE `is_show` = 1 AND `is_delete` = 0 ORDER BY addtime desc LIMIT 5   [ RunTime:0.0002s ]
SQL: SHOW COLUMNS FROM `xl_article` [ RunTime:0.0005s ]
SQL: SELECT COUNT(*) AS tp_count FROM `xl_article` WHERE `is_delete` = 0 AND `is_show` = 1 LIMIT 1   [ RunTime:0.0002s ]
SQL: SELECT * FROM `xl_article` WHERE `is_delete` = 0 AND `is_show` = 1 ORDER BY addtime desc LIMIT 0,10   [ RunTime:0.0003s ]
SQL: SHOW COLUMNS FROM `xl_link` [ RunTime:0.0004s ]
SQL: SELECT * FROM `xl_link` WHERE `is_delete` = 0 ORDER BY sort  [ RunTime:0.0002s ]
INFO: [ view_parse ] --START--
INFO: [ template_filter ] --START--
INFO: Run Behavior\ContentReplaceBehavior [ RunTime:0.000060s ]
INFO: [ template_filter ] --END-- [ RunTime:0.000078s ]
INFO: Run Behavior\ParseTemplateBehavior [ RunTime:0.005051s ]
INFO: [ view_parse ] --END-- [ RunTime:0.005067s ]
INFO: [ view_filter ] --START--
INFO: Run Behavior\WriteHtmlCacheBehavior [ RunTime:0.000080s ]
INFO: [ view_filter ] --END-- [ RunTime:0.000090s ]
INFO: [ app_end ] --START--
INFO: Run Behavior\ShowPageTraceBehavior [ RunTime:0.000233s ]
INFO: [ app_end ] --END-- [ RunTime:0.000245s ]

